<?xml version='1.0' encoding='UTF-8'?>
<testsuite hostname="Lethink" name="StandardScoringSpec" tests="7" errors="0" failures="0" skipped="0" time="0.098" timestamp="2024-05-09T14:48:41">
          <properties>
      <property name="java.specification.version" value="13"/><property name="sun.cpu.isalist" value="amd64"/><property name="sun.jnu.encoding" value="Cp1252"/><property name="sun.arch.data.model" value="64"/><property name="java.vendor.url" value="https://java.oracle.com/"/><property name="sun.boot.library.path" value="C:\Program Files\Java\jdk-13.0.1\bin"/><property name="sun.java.command" value="xsbt.boot.Boot clean coverage test"/><property name="jdk.debug" value="release"/><property name="sun.stderr.encoding" value="cp850"/><property name="java.specification.vendor" value="Oracle Corporation"/><property name="java.version.date" value="2019-10-15"/><property name="java.home" value="C:\Program Files\Java\jdk-13.0.1"/><property name="file.separator" value="\"/><property name="java.vm.compressedOopsMode" value="32-bit"/><property name="line.separator" value="
"/><property name="sun.stdout.encoding" value="cp850"/><property name="java.vm.specification.vendor" value="Oracle Corporation"/><property name="java.specification.name" value="Java Platform API Specification"/><property name="user.script" value=""/><property name="sun.management.compiler" value="HotSpot 64-Bit Tiered Compilers"/><property name="java.runtime.version" value="13.0.1+9"/><property name="user.name" value="leo11"/><property name="log4j.ignoreTCL" value="true"/><property name="file.encoding" value="UTF-8"/><property name="jnidispatch.path" value="C:\Users\leo11\AppData\Local\Temp\jna-102857398\jna6758290878771587587.dll"/><property name="jna.loaded" value="true"/><property name="java.io.tmpdir" value="C:\Users\leo11\AppData\Local\Temp\"/><property name="java.version" value="13.0.1"/><property name="java.vm.specification.name" value="Java Virtual Machine Specification"/><property name="sun.os.patch.level" value=""/><property name="java.library.path" value="C:\Program Files\Java\jdk-13.0.1\bin;C:\WINDOWS\Sun\Java\bin;C:\WINDOWS\system32;C:\WINDOWS;C:\Program Files\Java\jdk-13.0.1\bin;C:\Program Files\Common Files\Oracle\Java\javapath;C:\Program Files\Java\jdk-13.0.1\bin;C:\WINDOWS\system32;C:\WINDOWS;C:\WINDOWS\System32\Wbem;C:\WINDOWS\System32\WindowsPowerShell\v1.0\;C:\WINDOWS\System32\OpenSSH\;C:\Program Files\Intel\WiFi\bin\;C:\Program Files\Common Files\Intel\WirelessCommon\;C:\Program Files\Compiler\bin;C:\Program Files\dotnet\;C:\Program Files\MATLAB\R2023a\bin;C:\Program Files\Git\cmd;C:\Users\leo11\AppData\Local\Microsoft\WindowsApps;C:\Users\leo11\.p2\Tools\bin;C:\Users\leo11\.dotnet\tools;C:\Users\leo11\AppData\Local\Programs\Microsoft VS Code\bin;C:\Users\leo11\AppData\Local\Coursier\data\bin;C:\Program Files\Java\jdk-13.0.1\bin;;."/><property name="java.vendor" value="Oracle Corporation"/><property name="scala.ext.dirs" value="C:\Users\leo11\.sbt\1.0\java9-rt-ext-oracle_corporation_13_0_1"/><property name="sun.io.unicode.encoding" value="UnicodeLittle"/><property name="java.class.path" value="C:\Users\leo11\AppData\Local\Coursier\cache\arc\https\github.com\sbt\sbt\releases\download\v1.9.9\sbt-1.9.9.zip\sbt\bin\sbt-launch.jar"/><property name="java.vm.vendor" value="Oracle Corporation"/><property name="user.variant" value=""/><property name="jline.shutdownhook" value="false"/><property name="user.timezone" value="Europe/Zurich"/><property name="java.vm.specification.version" value="13"/><property name="os.name" value="Windows 10"/><property name="sun.java.launcher" value="SUN_STANDARD"/><property name="user.country" value="CH"/><property name="sun.cpu.endian" value="little"/><property name="user.home" value="C:\Users\leo11"/><property name="user.language" value="de"/><property name="sbt.ipcsocket.tmpdir" value="C:\Users\leo11\AppData\Local\Temp\.sbt72d0ab8c\ipcsocket"/><property name="swoval.tmpdir" value="C:\Users\leo11\AppData\Local\Temp\.sbt72d0ab8c\swoval"/><property name="jline.esc.timeout" value="0"/><property name="path.separator" value=";"/><property name="os.version" value="10.0"/><property name="jna.nosys" value="true"/><property name="java.runtime.name" value="Java(TM) SE Runtime Environment"/><property name="java.vm.name" value="Java HotSpot(TM) 64-Bit Server VM"/><property name="java.vendor.url.bug" value="https://bugreport.java.com/bugreport/"/><property name="user.dir" value="C:\Users\leo11\OneDrive\Desktop\HTWG\AIN\Semester 3\Software-Engineering\ProjektMemory"/><property name="os.arch" value="amd64"/><property name="java.vm.info" value="mixed mode, sharing"/><property name="java.vm.version" value="13.0.1+9"/><property name="java.class.version" value="57.0"/>
    </properties>
          <testcase classname="StandardScoringSpec" name="Logic should get the current state of the matrix" time="0.019">
                      
                    </testcase><testcase classname="StandardScoringSpec" name="Logic should turn a card and check for first card selection" time="0.011">
                      
                    </testcase><testcase classname="StandardScoringSpec" name="Logic should turn a second card and check for a match" time="0.019">
                      
                    </testcase><testcase classname="StandardScoringSpec" name="Logic should turn a second card that does not match and remove both cards" time="0.021">
                      
                    </testcase><testcase classname="StandardScoringSpec" name="Logic should not increase score when cards do not match" time="0.016">
                      
                    </testcase><testcase classname="StandardScoringSpec" name="Logic should check if the game ends when all cards are face up" time="0.01">
                      
                    </testcase><testcase classname="StandardScoringSpec" name="Logic should return the correct score" time="0.002">
                      
                    </testcase>
          <system-out><![CDATA[]]></system-out>
          <system-err><![CDATA[]]></system-err>
        </testsuite>